# JRE version: Java(TM) SE Runtime Environment (8.0_51-b16) (build 1.8.0_51-b16)
# Java VM: Java HotSpot(TM) 64-Bit Server VM (25.51-b03 mixed mode windows-amd64 compressed oops)
Heap:
 PSYoungGen      total 619520K, used 104149K [0x00000000d5f00000, 0x0000000100000000, 0x0000000100000000)
  eden space 547840K, 12% used [0x00000000d5f00000,0x00000000da24c8b8,0x00000000f7600000)
  from space 71680K, 49% used [0x00000000fba00000,0x00000000fdc68c80,0x0000000100000000)
  to   space 69632K, 0% used [0x00000000f7600000,0x00000000f7600000,0x00000000fba00000)
 ParOldGen       total 285696K, used 252270K [0x0000000081c00000, 0x0000000093300000, 0x00000000d5f00000)
  object space 285696K, 88% used [0x0000000081c00000,0x000000009125bb90,0x0000000093300000)
 Metaspace       used 69656K, capacity 76506K, committed 76544K, reserved 1114112K
  class space    used 10534K, capacity 12532K, committed 12544K, reserved 1048576K
GC Heap History (10 events):
Event: 58.946 GC heap after
Heap after GC invocations=82 (full 5):
 PSYoungGen      total 617984K, used 43300K [0x00000000d5f00000, 0x00000000ffb80000, 0x0000000100000000)
  eden space 551936K, 0% used [0x00000000d5f00000,0x00000000d5f00000,0x00000000f7a00000)
  from space 66048K, 65% used [0x00000000f7a00000,0x00000000fa449220,0x00000000fba80000)
  to   space 65024K, 0% used [0x00000000fbc00000,0x00000000fbc00000,0x00000000ffb80000)
 ParOldGen       total 285696K, used 246343K [0x0000000081c00000, 0x0000000093300000, 0x00000000d5f00000)
  object space 285696K, 86% used [0x0000000081c00000,0x0000000090c91cd0,0x0000000093300000)
 Metaspace       used 67060K, capacity 73482K, committed 73728K, reserved 1112064K
  class space    used 10099K, capacity 11988K, committed 12032K, reserved 1048576K
}
Event: 59.263 GC heap before
{Heap before GC invocations=83 (full 5):
 PSYoungGen      total 617984K, used 595236K [0x00000000d5f00000, 0x00000000ffb80000, 0x0000000100000000)
  eden space 551936K, 100% used [0x00000000d5f00000,0x00000000f7a00000,0x00000000f7a00000)
  from space 66048K, 65% used [0x00000000f7a00000,0x00000000fa449220,0x00000000fba80000)
  to   space 65024K, 0% used [0x00000000fbc00000,0x00000000fbc00000,0x00000000ffb80000)
 ParOldGen       total 285696K, used 246343K [0x0000000081c00000, 0x0000000093300000, 0x00000000d5f00000)
  object space 285696K, 86% used [0x0000000081c00000,0x0000000090c91cd0,0x0000000093300000)
 Metaspace       used 67205K, capacity 73622K, committed 73856K, reserved 1112064K
  class space    used 10139K, capacity 12042K, committed 12160K, reserved 1048576K
Event: 59.319 GC heap after
Heap after GC invocations=83 (full 5):
 PSYoungGen      total 621056K, used 41239K [0x00000000d5f00000, 0x00000000ffb00000, 0x0000000100000000)
  eden space 556544K, 0% used [0x00000000d5f00000,0x00000000d5f00000,0x00000000f7e80000)
  from space 64512K, 63% used [0x00000000fbc00000,0x00000000fe445c98,0x00000000ffb00000)
  to   space 62976K, 0% used [0x00000000f7e80000,0x00000000f7e80000,0x00000000fbc00000)
 ParOldGen       total 285696K, used 247172K [0x0000000081c00000, 0x0000000093300000, 0x00000000d5f00000)
  object space 285696K, 86% used [0x0000000081c00000,0x0000000090d61110,0x0000000093300000)
 Metaspace       used 67205K, capacity 73622K, committed 73856K, reserved 1112064K
  class space    used 10139K, capacity 12042K, committed 12160K, reserved 1048576K
}
Event: 59.784 GC heap before
{Heap before GC invocations=84 (full 5):
 PSYoungGen      total 621056K, used 597783K [0x00000000d5f00000, 0x00000000ffb00000, 0x0000000100000000)
  eden space 556544K, 100% used [0x00000000d5f00000,0x00000000f7e80000,0x00000000f7e80000)
  from space 64512K, 63% used [0x00000000fbc00000,0x00000000fe445c98,0x00000000ffb00000)
  to   space 62976K, 0% used [0x00000000f7e80000,0x00000000f7e80000,0x00000000fbc00000)
 ParOldGen       total 285696K, used 247172K [0x0000000081c00000, 0x0000000093300000, 0x00000000d5f00000)
  object space 285696K, 86% used [0x0000000081c00000,0x0000000090d61110,0x0000000093300000)
 Metaspace       used 67497K, capacity 73970K, committed 74112K, reserved 1112064K
  class space    used 10193K, capacity 12104K, committed 12160K, reserved 1048576K
Event: 59.871 GC heap after
Heap after GC invocations=84 (full 5):
 PSYoungGen      total 619520K, used 58017K [0x00000000d5f00000, 0x0000000100000000, 0x0000000100000000)
  eden space 556544K, 0% used [0x00000000d5f00000,0x00000000d5f00000,0x00000000f7e80000)
  from space 62976K, 92% used [0x00000000f7e80000,0x00000000fb7287b0,0x00000000fbc00000)
  to   space 67072K, 0% used [0x00000000fbe80000,0x00000000fbe80000,0x0000000100000000)
 ParOldGen       total 285696K, used 248543K [0x0000000081c00000, 0x0000000093300000, 0x00000000d5f00000)
  object space 285696K, 86% used [0x0000000081c00000,0x0000000090eb7db0,0x0000000093300000)
 Metaspace       used 67497K, capacity 73970K, committed 74112K, reserved 1112064K
  class space    used 10193K, capacity 12104K, committed 12160K, reserved 1048576K
}
Event: 60.167 GC heap before
{Heap before GC invocations=85 (full 5):
 PSYoungGen      total 619520K, used 614561K [0x00000000d5f00000, 0x0000000100000000, 0x0000000100000000)
  eden space 556544K, 100% used [0x00000000d5f00000,0x00000000f7e80000,0x00000000f7e80000)
  from space 62976K, 92% used [0x00000000f7e80000,0x00000000fb7287b0,0x00000000fbc00000)
  to   space 67072K, 0% used [0x00000000fbe80000,0x00000000fbe80000,0x0000000100000000)
 ParOldGen       total 285696K, used 248543K [0x0000000081c00000, 0x0000000093300000, 0x00000000d5f00000)
  object space 285696K, 86% used [0x0000000081c00000,0x0000000090eb7db0,0x0000000093300000)
 Metaspace       used 67719K, capacity 74160K, committed 74368K, reserved 1112064K
  class space    used 10225K, capacity 12143K, committed 12160K, reserved 1048576K
Event: 60.204 GC heap after
Heap after GC invocations=85 (full 5):
 PSYoungGen      total 621056K, used 25146K [0x00000000d5f00000, 0x0000000100000000, 0x0000000100000000)
  eden space 553984K, 0% used [0x00000000d5f00000,0x00000000d5f00000,0x00000000f7c00000)
  from space 67072K, 37% used [0x00000000fbe80000,0x00000000fd70eac8,0x0000000100000000)
  to   space 67584K, 0% used [0x00000000f7c00000,0x00000000f7c00000,0x00000000fbe00000)
 ParOldGen       total 285696K, used 250065K [0x0000000081c00000, 0x0000000093300000, 0x00000000d5f00000)
  object space 285696K, 87% used [0x0000000081c00000,0x0000000091034408,0x0000000093300000)
 Metaspace       used 67719K, capacity 74160K, committed 74368K, reserved 1112064K
  class space    used 10225K, capacity 12143K, committed 12160K, reserved 1048576K
}
Event: 60.755 GC heap before
{Heap before GC invocations=86 (full 5):
 PSYoungGen      total 621056K, used 579130K [0x00000000d5f00000, 0x0000000100000000, 0x0000000100000000)
  eden space 553984K, 100% used [0x00000000d5f00000,0x00000000f7c00000,0x00000000f7c00000)
  from space 67072K, 37% used [0x00000000fbe80000,0x00000000fd70eac8,0x0000000100000000)
  to   space 67584K, 0% used [0x00000000f7c00000,0x00000000f7c00000,0x00000000fbe00000)
 ParOldGen       total 285696K, used 250065K [0x0000000081c00000, 0x0000000093300000, 0x00000000d5f00000)
  object space 285696K, 87% used [0x0000000081c00000,0x0000000091034408,0x0000000093300000)
 Metaspace       used 68771K, capacity 75464K, committed 75648K, reserved 1112064K
  class space    used 10377K, capacity 12357K, committed 12416K, reserved 1048576K
Event: 60.847 GC heap after
Heap after GC invocations=86 (full 5):
 PSYoungGen      total 612864K, used 58461K [0x00000000d5f00000, 0x0000000100000000, 0x0000000100000000)
  eden space 553984K, 0% used [0x00000000d5f00000,0x00000000d5f00000,0x00000000f7c00000)
  from space 58880K, 99% used [0x00000000f7c00000,0x00000000fb517530,0x00000000fb580000)
  to   space 71680K, 0% used [0x00000000fba00000,0x00000000fba00000,0x0000000100000000)
 ParOldGen       total 285696K, used 251226K [0x0000000081c00000, 0x0000000093300000, 0x00000000d5f00000)
  object space 285696K, 87% used [0x0000000081c00000,0x0000000091156a60,0x0000000093300000)
 Metaspace       used 68771K, capacity 75464K, committed 75648K, reserved 1112064K
  class space    used 10377K, capacity 12357K, committed 12416K, reserved 1048576K
}
Event: 61.658 GC heap before
{Heap before GC invocations=87 (full 5):
 PSYoungGen      total 612864K, used 612445K [0x00000000d5f00000, 0x0000000100000000, 0x0000000100000000)
  eden space 553984K, 100% used [0x00000000d5f00000,0x00000000f7c00000,0x00000000f7c00000)
  from space 58880K, 99% used [0x00000000f7c00000,0x00000000fb517530,0x00000000fb580000)
  to   space 71680K, 0% used [0x00000000fba00000,0x00000000fba00000,0x0000000100000000)
 ParOldGen       total 285696K, used 251226K [0x0000000081c00000, 0x0000000093300000, 0x00000000d5f00000)
  object space 285696K, 87% used [0x0000000081c00000,0x0000000091156a60,0x0000000093300000)
 Metaspace       used 69615K, capacity 76430K, committed 76544K, reserved 1114112K
  class space    used 10528K, capacity 12528K, committed 12544K, reserved 1048576K

