# JRE version: Java(TM) SE Runtime Environment (8.0_51-b16) (build 1.8.0_51-b16)
# Java VM: Java HotSpot(TM) 64-Bit Server VM (25.51-b03 mixed mode windows-amd64 compressed oops)
Heap:
 PSYoungGen      total 459776K, used 10238K [0x00000000d5f00000, 0x00000000fff80000, 0x0000000100000000)
  eden space 231424K, 4% used [0x00000000d5f00000,0x00000000d68ff9d0,0x00000000e4100000)
  from space 228352K, 0% used [0x00000000e4100000,0x00000000e4100000,0x00000000f2000000)
  to   space 217088K, 0% used [0x00000000f2b80000,0x00000000f2b80000,0x00000000fff80000)
 ParOldGen       total 413184K, used 317171K [0x0000000081c00000, 0x000000009af80000, 0x00000000d5f00000)
  object space 413184K, 76% used [0x0000000081c00000,0x00000000951bce38,0x000000009af80000)
 Metaspace       used 85041K, capacity 95212K, committed 95488K, reserved 1130496K
  class space    used 12367K, capacity 14804K, committed 14848K, reserved 1048576K
GC Heap History (10 events):
Event: 274.985 GC heap before
{Heap before GC invocations=99 (full 8):
 PSYoungGen      total 454144K, used 357004K [0x00000000d5f00000, 0x0000000100000000, 0x0000000100000000)
  eden space 242688K, 100% used [0x00000000d5f00000,0x00000000e4c00000,0x00000000e4c00000)
  from space 211456K, 54% used [0x00000000f3180000,0x00000000fa123240,0x0000000100000000)
  to   space 223232K, 0% used [0x00000000e4c00000,0x00000000e4c00000,0x00000000f2600000)
 ParOldGen       total 413184K, used 326347K [0x0000000081c00000, 0x000000009af80000, 0x00000000d5f00000)
  object space 413184K, 78% used [0x0000000081c00000,0x0000000095ab2da8,0x000000009af80000)
 Metaspace       used 82182K, capacity 91422K, committed 91648K, reserved 1126400K
  class space    used 11939K, capacity 14245K, committed 14336K, reserved 1048576K
Event: 275.218 GC heap after
Heap after GC invocations=99 (full 8):
 PSYoungGen      total 394240K, used 151374K [0x00000000d5f00000, 0x0000000100000000, 0x0000000100000000)
  eden space 242688K, 0% used [0x00000000d5f00000,0x00000000d5f00000,0x00000000e4c00000)
  from space 151552K, 99% used [0x00000000e4c00000,0x00000000edfd3a90,0x00000000ee000000)
  to   space 229376K, 0% used [0x00000000f2000000,0x00000000f2000000,0x0000000100000000)
 ParOldGen       total 413184K, used 326355K [0x0000000081c00000, 0x000000009af80000, 0x00000000d5f00000)
  object space 413184K, 78% used [0x0000000081c00000,0x0000000095ab4da8,0x000000009af80000)
 Metaspace       used 82182K, capacity 91422K, committed 91648K, reserved 1126400K
  class space    used 11939K, capacity 14245K, committed 14336K, reserved 1048576K
}
Event: 276.345 GC heap before
{Heap before GC invocations=100 (full 8):
 PSYoungGen      total 394240K, used 386733K [0x00000000d5f00000, 0x0000000100000000, 0x0000000100000000)
  eden space 242688K, 96% used [0x00000000d5f00000,0x00000000e44d7ca8,0x00000000e4c00000)
  from space 151552K, 99% used [0x00000000e4c00000,0x00000000edfd3a90,0x00000000ee000000)
  to   space 229376K, 0% used [0x00000000f2000000,0x00000000f2000000,0x0000000100000000)
 ParOldGen       total 413184K, used 326355K [0x0000000081c00000, 0x000000009af80000, 0x00000000d5f00000)
  object space 413184K, 78% used [0x0000000081c00000,0x0000000095ab4da8,0x000000009af80000)
 Metaspace       used 83631K, capacity 93170K, committed 93440K, reserved 1128448K
  class space    used 12133K, capacity 14489K, committed 14592K, reserved 1048576K
Event: 276.535 GC heap after
Heap after GC invocations=100 (full 8):
 PSYoungGen      total 460800K, used 109305K [0x00000000d5f00000, 0x0000000100000000, 0x0000000100000000)
  eden space 231424K, 0% used [0x00000000d5f00000,0x00000000d5f00000,0x00000000e4100000)
  from space 229376K, 47% used [0x00000000f2000000,0x00000000f8abe7e8,0x0000000100000000)
  to   space 228352K, 0% used [0x00000000e4100000,0x00000000e4100000,0x00000000f2000000)
 ParOldGen       total 413184K, used 366220K [0x0000000081c00000, 0x000000009af80000, 0x00000000d5f00000)
  object space 413184K, 88% used [0x0000000081c00000,0x00000000981a3050,0x000000009af80000)
 Metaspace       used 83631K, capacity 93170K, committed 93440K, reserved 1128448K
  class space    used 12133K, capacity 14489K, committed 14592K, reserved 1048576K
}
Event: 276.535 GC heap before
{Heap before GC invocations=101 (full 9):
 PSYoungGen      total 460800K, used 109305K [0x00000000d5f00000, 0x0000000100000000, 0x0000000100000000)
  eden space 231424K, 0% used [0x00000000d5f00000,0x00000000d5f00000,0x00000000e4100000)
  from space 229376K, 47% used [0x00000000f2000000,0x00000000f8abe7e8,0x0000000100000000)
  to   space 228352K, 0% used [0x00000000e4100000,0x00000000e4100000,0x00000000f2000000)
 ParOldGen       total 413184K, used 366220K [0x0000000081c00000, 0x000000009af80000, 0x00000000d5f00000)
  object space 413184K, 88% used [0x0000000081c00000,0x00000000981a3050,0x000000009af80000)
 Metaspace       used 83631K, capacity 93170K, committed 93440K, reserved 1128448K
  class space    used 12133K, capacity 14489K, committed 14592K, reserved 1048576K
Event: 278.511 GC heap after
Heap after GC invocations=101 (full 9):
 PSYoungGen      total 460800K, used 0K [0x00000000d5f00000, 0x0000000100000000, 0x0000000100000000)
  eden space 231424K, 0% used [0x00000000d5f00000,0x00000000d5f00000,0x00000000e4100000)
  from space 229376K, 0% used [0x00000000f2000000,0x00000000f2000000,0x0000000100000000)
  to   space 228352K, 0% used [0x00000000e4100000,0x00000000e4100000,0x00000000f2000000)
 ParOldGen       total 413184K, used 351486K [0x0000000081c00000, 0x000000009af80000, 0x00000000d5f00000)
  object space 413184K, 85% used [0x0000000081c00000,0x000000009733fb80,0x000000009af80000)
 Metaspace       used 83631K, capacity 93170K, committed 93440K, reserved 1128448K
  class space    used 12133K, capacity 14489K, committed 14592K, reserved 1048576K
}
Event: 280.764 GC heap before
{Heap before GC invocations=102 (full 9):
 PSYoungGen      total 460800K, used 223853K [0x00000000d5f00000, 0x0000000100000000, 0x0000000100000000)
  eden space 231424K, 96% used [0x00000000d5f00000,0x00000000e399b658,0x00000000e4100000)
  from space 229376K, 0% used [0x00000000f2000000,0x00000000f2000000,0x0000000100000000)
  to   space 228352K, 0% used [0x00000000e4100000,0x00000000e4100000,0x00000000f2000000)
 ParOldGen       total 413184K, used 351486K [0x0000000081c00000, 0x000000009af80000, 0x00000000d5f00000)
  object space 413184K, 85% used [0x0000000081c00000,0x000000009733fb80,0x000000009af80000)
 Metaspace       used 84988K, capacity 95090K, committed 95232K, reserved 1130496K
  class space    used 12361K, capacity 14797K, committed 14848K, reserved 1048576K
Event: 280.868 GC heap after
Heap after GC invocations=102 (full 9):
 PSYoungGen      total 459776K, used 75591K [0x00000000d5f00000, 0x00000000fff80000, 0x0000000100000000)
  eden space 231424K, 0% used [0x00000000d5f00000,0x00000000d5f00000,0x00000000e4100000)
  from space 228352K, 33% used [0x00000000e4100000,0x00000000e8ad1d50,0x00000000f2000000)
  to   space 217088K, 0% used [0x00000000f2b80000,0x00000000f2b80000,0x00000000fff80000)
 ParOldGen       total 413184K, used 351494K [0x0000000081c00000, 0x000000009af80000, 0x00000000d5f00000)
  object space 413184K, 85% used [0x0000000081c00000,0x0000000097341b80,0x000000009af80000)
 Metaspace       used 84988K, capacity 95090K, committed 95232K, reserved 1130496K
  class space    used 12361K, capacity 14797K, committed 14848K, reserved 1048576K
}
Event: 280.868 GC heap before
{Heap before GC invocations=103 (full 10):
 PSYoungGen      total 459776K, used 75591K [0x00000000d5f00000, 0x00000000fff80000, 0x0000000100000000)
  eden space 231424K, 0% used [0x00000000d5f00000,0x00000000d5f00000,0x00000000e4100000)
  from space 228352K, 33% used [0x00000000e4100000,0x00000000e8ad1d50,0x00000000f2000000)
  to   space 217088K, 0% used [0x00000000f2b80000,0x00000000f2b80000,0x00000000fff80000)
 ParOldGen       total 413184K, used 351494K [0x0000000081c00000, 0x000000009af80000, 0x00000000d5f00000)
  object space 413184K, 85% used [0x0000000081c00000,0x0000000097341b80,0x000000009af80000)
 Metaspace       used 84988K, capacity 95090K, committed 95232K, reserved 1130496K
  class space    used 12361K, capacity 14797K, committed 14848K, reserved 1048576K
Event: 282.019 GC heap after
Heap after GC invocations=103 (full 10):
 PSYoungGen      total 459776K, used 0K [0x00000000d5f00000, 0x00000000fff80000, 0x0000000100000000)
  eden space 231424K, 0% used [0x00000000d5f00000,0x00000000d5f00000,0x00000000e4100000)
  from space 228352K, 0% used [0x00000000e4100000,0x00000000e4100000,0x00000000f2000000)
  to   space 217088K, 0% used [0x00000000f2b80000,0x00000000f2b80000,0x00000000fff80000)
 ParOldGen       total 413184K, used 317171K [0x0000000081c00000, 0x000000009af80000, 0x00000000d5f00000)
  object space 413184K, 76% used [0x0000000081c00000,0x00000000951bce38,0x000000009af80000)
 Metaspace       used 84988K, capacity 95090K, committed 95232K, reserved 1130496K
  class space    used 12361K, capacity 14797K, committed 14848K, reserved 1048576K
}

