# JRE version: Java(TM) SE Runtime Environment (8.0_51-b16) (build 1.8.0_51-b16)
# Java VM: Java HotSpot(TM) 64-Bit Server VM (25.51-b03 mixed mode windows-amd64 compressed oops)
Heap:
 PSYoungGen      total 459264K, used 296815K [0x00000000d5f00000, 0x0000000100000000, 0x0000000100000000)
  eden space 233984K, 53% used [0x00000000d5f00000,0x00000000dd83df88,0x00000000e4380000)
  from space 225280K, 76% used [0x00000000e4380000,0x00000000eec1de58,0x00000000f1f80000)
  to   space 229376K, 34% used [0x00000000f2000000,0x00000000f6c69818,0x0000000100000000)
 ParOldGen       total 648192K, used 576668K [0x0000000081c00000, 0x00000000a9500000, 0x00000000d5f00000)
  object space 648192K, 88% used [0x0000000081c00000,0x00000000a4f270e8,0x00000000a9500000)
 Metaspace       used 91018K, capacity 102668K, committed 103040K, reserved 1136640K
  class space    used 13493K, capacity 16396K, committed 16512K, reserved 1048576K
GC Heap History (10 events):
Event: 135.973 GC heap after
Heap after GC invocations=156 (full 7):
 PSYoungGen      total 422912K, used 155529K [0x00000000d5f00000, 0x0000000100000000, 0x0000000100000000)
  eden space 267264K, 0% used [0x00000000d5f00000,0x00000000d5f00000,0x00000000e6400000)
  from space 155648K, 99% used [0x00000000e6400000,0x00000000efbe25f0,0x00000000efc00000)
  to   space 226816K, 0% used [0x00000000f2280000,0x00000000f2280000,0x0000000100000000)
 ParOldGen       total 648192K, used 563600K [0x0000000081c00000, 0x00000000a9500000, 0x00000000d5f00000)
  object space 648192K, 86% used [0x0000000081c00000,0x00000000a42643a8,0x00000000a9500000)
 Metaspace       used 82806K, capacity 93434K, committed 93696K, reserved 1128448K
  class space    used 12412K, capacity 15045K, committed 15104K, reserved 1048576K
}
Event: 143.761 GC heap before
{Heap before GC invocations=157 (full 7):
 PSYoungGen      total 422912K, used 422793K [0x00000000d5f00000, 0x0000000100000000, 0x0000000100000000)
  eden space 267264K, 100% used [0x00000000d5f00000,0x00000000e6400000,0x00000000e6400000)
  from space 155648K, 99% used [0x00000000e6400000,0x00000000efbe25f0,0x00000000efc00000)
  to   space 226816K, 0% used [0x00000000f2280000,0x00000000f2280000,0x0000000100000000)
 ParOldGen       total 648192K, used 563600K [0x0000000081c00000, 0x00000000a9500000, 0x00000000d5f00000)
  object space 648192K, 86% used [0x0000000081c00000,0x00000000a42643a8,0x00000000a9500000)
 Metaspace       used 83444K, capacity 94222K, committed 94336K, reserved 1128448K
  class space    used 12461K, capacity 15165K, committed 15232K, reserved 1048576K
Event: 143.826 GC heap after
Heap after GC invocations=157 (full 7):
 PSYoungGen      total 476160K, used 86075K [0x00000000d5f00000, 0x0000000100000000, 0x0000000100000000)
  eden space 249344K, 0% used [0x00000000d5f00000,0x00000000d5f00000,0x00000000e5280000)
  from space 226816K, 37% used [0x00000000f2280000,0x00000000f768ee78,0x0000000100000000)
  to   space 212992K, 0% used [0x00000000e5280000,0x00000000e5280000,0x00000000f2280000)
 ParOldGen       total 648192K, used 563608K [0x0000000081c00000, 0x00000000a9500000, 0x00000000d5f00000)
  object space 648192K, 86% used [0x0000000081c00000,0x00000000a42663a8,0x00000000a9500000)
 Metaspace       used 83444K, capacity 94222K, committed 94336K, reserved 1128448K
  class space    used 12461K, capacity 15165K, committed 15232K, reserved 1048576K
}
Event: 147.676 GC heap before
{Heap before GC invocations=158 (full 7):
 PSYoungGen      total 476160K, used 335419K [0x00000000d5f00000, 0x0000000100000000, 0x0000000100000000)
  eden space 249344K, 100% used [0x00000000d5f00000,0x00000000e5280000,0x00000000e5280000)
  from space 226816K, 37% used [0x00000000f2280000,0x00000000f768ee78,0x0000000100000000)
  to   space 212992K, 0% used [0x00000000e5280000,0x00000000e5280000,0x00000000f2280000)
 ParOldGen       total 648192K, used 563608K [0x0000000081c00000, 0x00000000a9500000, 0x00000000d5f00000)
  object space 648192K, 86% used [0x0000000081c00000,0x00000000a42663a8,0x00000000a9500000)
 Metaspace       used 87524K, capacity 98588K, committed 98688K, reserved 1132544K
  class space    used 12946K, capacity 15686K, committed 15744K, reserved 1048576K
Event: 147.848 GC heap after
Heap after GC invocations=158 (full 7):
 PSYoungGen      total 360960K, used 111523K [0x00000000d5f00000, 0x00000000fec80000, 0x0000000100000000)
  eden space 249344K, 0% used [0x00000000d5f00000,0x00000000d5f00000,0x00000000e5280000)
  from space 111616K, 99% used [0x00000000e5280000,0x00000000ebf68f40,0x00000000ebf80000)
  to   space 209920K, 0% used [0x00000000f1f80000,0x00000000f1f80000,0x00000000fec80000)
 ParOldGen       total 648192K, used 563616K [0x0000000081c00000, 0x00000000a9500000, 0x00000000d5f00000)
  object space 648192K, 86% used [0x0000000081c00000,0x00000000a42683a8,0x00000000a9500000)
 Metaspace       used 87524K, capacity 98588K, committed 98688K, reserved 1132544K
  class space    used 12946K, capacity 15686K, committed 15744K, reserved 1048576K
}
Event: 149.483 GC heap before
{Heap before GC invocations=159 (full 7):
 PSYoungGen      total 360960K, used 360867K [0x00000000d5f00000, 0x00000000fec80000, 0x0000000100000000)
  eden space 249344K, 100% used [0x00000000d5f00000,0x00000000e5280000,0x00000000e5280000)
  from space 111616K, 99% used [0x00000000e5280000,0x00000000ebf68f40,0x00000000ebf80000)
  to   space 209920K, 0% used [0x00000000f1f80000,0x00000000f1f80000,0x00000000fec80000)
 ParOldGen       total 648192K, used 563616K [0x0000000081c00000, 0x00000000a9500000, 0x00000000d5f00000)
  object space 648192K, 86% used [0x0000000081c00000,0x00000000a42683a8,0x00000000a9500000)
 Metaspace       used 88964K, capacity 100152K, committed 100224K, reserved 1134592K
  class space    used 13167K, capacity 15970K, committed 16000K, reserved 1048576K
Event: 149.650 GC heap after
Heap after GC invocations=159 (full 7):
 PSYoungGen      total 443904K, used 162055K [0x00000000d5f00000, 0x0000000100000000, 0x0000000100000000)
  eden space 233984K, 0% used [0x00000000d5f00000,0x00000000d5f00000,0x00000000e4380000)
  from space 209920K, 77% used [0x00000000f1f80000,0x00000000fbdc1db0,0x00000000fec80000)
  to   space 225280K, 0% used [0x00000000e4380000,0x00000000e4380000,0x00000000f1f80000)
 ParOldGen       total 648192K, used 563624K [0x0000000081c00000, 0x00000000a9500000, 0x00000000d5f00000)
  object space 648192K, 86% used [0x0000000081c00000,0x00000000a426a3a8,0x00000000a9500000)
 Metaspace       used 88964K, capacity 100152K, committed 100224K, reserved 1134592K
  class space    used 13167K, capacity 15970K, committed 16000K, reserved 1048576K
}
Event: 150.892 GC heap before
{Heap before GC invocations=160 (full 7):
 PSYoungGen      total 443904K, used 396039K [0x00000000d5f00000, 0x0000000100000000, 0x0000000100000000)
  eden space 233984K, 100% used [0x00000000d5f00000,0x00000000e4380000,0x00000000e4380000)
  from space 209920K, 77% used [0x00000000f1f80000,0x00000000fbdc1db0,0x00000000fec80000)
  to   space 225280K, 0% used [0x00000000e4380000,0x00000000e4380000,0x00000000f1f80000)
 ParOldGen       total 648192K, used 563642K [0x0000000081c00000, 0x00000000a9500000, 0x00000000d5f00000)
  object space 648192K, 86% used [0x0000000081c00000,0x00000000a426ea10,0x00000000a9500000)
 Metaspace       used 90141K, capacity 101640K, committed 101760K, reserved 1134592K
  class space    used 13369K, capacity 16226K, committed 16256K, reserved 1048576K
Event: 151.079 GC heap after
Heap after GC invocations=160 (full 7):
 PSYoungGen      total 459264K, used 172663K [0x00000000d5f00000, 0x0000000100000000, 0x0000000100000000)
  eden space 233984K, 0% used [0x00000000d5f00000,0x00000000d5f00000,0x00000000e4380000)
  from space 225280K, 76% used [0x00000000e4380000,0x00000000eec1de58,0x00000000f1f80000)
  to   space 229376K, 0% used [0x00000000f2000000,0x00000000f2000000,0x0000000100000000)
 ParOldGen       total 648192K, used 563658K [0x0000000081c00000, 0x00000000a9500000, 0x00000000d5f00000)
  object space 648192K, 86% used [0x0000000081c00000,0x00000000a4272a10,0x00000000a9500000)
 Metaspace       used 90141K, capacity 101640K, committed 101760K, reserved 1134592K
  class space    used 13369K, capacity 16226K, committed 16256K, reserved 1048576K
}
Event: 151.801 GC heap before
{Heap before GC invocations=161 (full 7):
 PSYoungGen      total 459264K, used 296815K [0x00000000d5f00000, 0x0000000100000000, 0x0000000100000000)
  eden space 233984K, 53% used [0x00000000d5f00000,0x00000000dd83df88,0x00000000e4380000)
  from space 225280K, 76% used [0x00000000e4380000,0x00000000eec1de58,0x00000000f1f80000)
  to   space 229376K, 0% used [0x00000000f2000000,0x00000000f2000000,0x0000000100000000)
 ParOldGen       total 648192K, used 563658K [0x0000000081c00000, 0x00000000a9500000, 0x00000000d5f00000)
  object space 648192K, 86% used [0x0000000081c00000,0x00000000a4272a10,0x00000000a9500000)
 Metaspace       used 91018K, capacity 102668K, committed 103040K, reserved 1136640K
  class space    used 13493K, capacity 16396K, committed 16512K, reserved 1048576K

