# JRE version: Java(TM) SE Runtime Environment (8.0_51-b16) (build 1.8.0_51-b16)
# Java VM: Java HotSpot(TM) 64-Bit Server VM (25.51-b03 mixed mode windows-amd64 compressed oops)
Heap:
 PSYoungGen      total 457216K, used 366439K [0x00000000d5f00000, 0x0000000100000000, 0x0000000100000000)
  eden space 227840K, 100% used [0x00000000d5f00000,0x00000000e3d80000,0x00000000e3d80000)
  from space 229376K, 60% used [0x00000000e3d80000,0x00000000ec4d9ed8,0x00000000f1d80000)
  to   space 229376K, 44% used [0x00000000f2000000,0x00000000f83d8160,0x0000000100000000)
 ParOldGen       total 428544K, used 335469K [0x0000000081c00000, 0x000000009be80000, 0x00000000d5f00000)
  object space 428544K, 78% used [0x0000000081c00000,0x000000009639b648,0x000000009be80000)
 Metaspace       used 85281K, capacity 95184K, committed 95488K, reserved 1130496K
  class space    used 12364K, capacity 14752K, committed 14848K, reserved 1048576K
GC Heap History (10 events):
Event: 103.709 GC heap after
Heap after GC invocations=93 (full 8):
 PSYoungGen      total 459776K, used 150180K [0x00000000d5f00000, 0x0000000100000000, 0x0000000100000000)
  eden space 230400K, 0% used [0x00000000d5f00000,0x00000000d5f00000,0x00000000e4000000)
  from space 229376K, 65% used [0x00000000e4000000,0x00000000ed2a9320,0x00000000f2000000)
  to   space 229376K, 0% used [0x00000000f2000000,0x00000000f2000000,0x0000000100000000)
 ParOldGen       total 428544K, used 328226K [0x0000000081c00000, 0x000000009be80000, 0x00000000d5f00000)
  object space 428544K, 76% used [0x0000000081c00000,0x0000000095c88aa0,0x000000009be80000)
 Metaspace       used 77436K, capacity 86236K, committed 86528K, reserved 1122304K
  class space    used 11270K, capacity 13446K, committed 13568K, reserved 1048576K
}
Event: 107.108 GC heap before
{Heap before GC invocations=94 (full 8):
 PSYoungGen      total 459776K, used 380580K [0x00000000d5f00000, 0x0000000100000000, 0x0000000100000000)
  eden space 230400K, 100% used [0x00000000d5f00000,0x00000000e4000000,0x00000000e4000000)
  from space 229376K, 65% used [0x00000000e4000000,0x00000000ed2a9320,0x00000000f2000000)
  to   space 229376K, 0% used [0x00000000f2000000,0x00000000f2000000,0x0000000100000000)
 ParOldGen       total 428544K, used 328226K [0x0000000081c00000, 0x000000009be80000, 0x00000000d5f00000)
  object space 428544K, 76% used [0x0000000081c00000,0x0000000095c88aa0,0x000000009be80000)
 Metaspace       used 81574K, capacity 90916K, committed 91264K, reserved 1126400K
  class space    used 11807K, capacity 14088K, committed 14208K, reserved 1048576K
Event: 107.255 GC heap after
Heap after GC invocations=94 (full 8):
 PSYoungGen      total 459776K, used 113061K [0x00000000d5f00000, 0x0000000100000000, 0x0000000100000000)
  eden space 230400K, 0% used [0x00000000d5f00000,0x00000000d5f00000,0x00000000e4000000)
  from space 229376K, 49% used [0x00000000f2000000,0x00000000f8e694e8,0x0000000100000000)
  to   space 229376K, 0% used [0x00000000e4000000,0x00000000e4000000,0x00000000f2000000)
 ParOldGen       total 428544K, used 328234K [0x0000000081c00000, 0x000000009be80000, 0x00000000d5f00000)
  object space 428544K, 76% used [0x0000000081c00000,0x0000000095c8aaa0,0x000000009be80000)
 Metaspace       used 81574K, capacity 90916K, committed 91264K, reserved 1126400K
  class space    used 11807K, capacity 14088K, committed 14208K, reserved 1048576K
}
Event: 109.824 GC heap before
{Heap before GC invocations=95 (full 8):
 PSYoungGen      total 459776K, used 343461K [0x00000000d5f00000, 0x0000000100000000, 0x0000000100000000)
  eden space 230400K, 100% used [0x00000000d5f00000,0x00000000e4000000,0x00000000e4000000)
  from space 229376K, 49% used [0x00000000f2000000,0x00000000f8e694e8,0x0000000100000000)
  to   space 229376K, 0% used [0x00000000e4000000,0x00000000e4000000,0x00000000f2000000)
 ParOldGen       total 428544K, used 328234K [0x0000000081c00000, 0x000000009be80000, 0x00000000d5f00000)
  object space 428544K, 76% used [0x0000000081c00000,0x0000000095c8aaa0,0x000000009be80000)
 Metaspace       used 82440K, capacity 91784K, committed 92032K, reserved 1126400K
  class space    used 11917K, capacity 14194K, committed 14208K, reserved 1048576K
Event: 109.941 GC heap after
Heap after GC invocations=95 (full 8):
 PSYoungGen      total 293376K, used 62765K [0x00000000d5f00000, 0x00000000ffb00000, 0x0000000100000000)
  eden space 230400K, 0% used [0x00000000d5f00000,0x00000000d5f00000,0x00000000e4000000)
  from space 62976K, 99% used [0x00000000e4000000,0x00000000e7d4b7b0,0x00000000e7d80000)
  to   space 226816K, 0% used [0x00000000f1d80000,0x00000000f1d80000,0x00000000ffb00000)
 ParOldGen       total 428544K, used 328242K [0x0000000081c00000, 0x000000009be80000, 0x00000000d5f00000)
  object space 428544K, 76% used [0x0000000081c00000,0x0000000095c8caa0,0x000000009be80000)
 Metaspace       used 82440K, capacity 91784K, committed 92032K, reserved 1126400K
  class space    used 11917K, capacity 14194K, committed 14208K, reserved 1048576K
}
Event: 110.599 GC heap before
{Heap before GC invocations=96 (full 8):
 PSYoungGen      total 293376K, used 293165K [0x00000000d5f00000, 0x00000000ffb00000, 0x0000000100000000)
  eden space 230400K, 100% used [0x00000000d5f00000,0x00000000e4000000,0x00000000e4000000)
  from space 62976K, 99% used [0x00000000e4000000,0x00000000e7d4b7b0,0x00000000e7d80000)
  to   space 226816K, 0% used [0x00000000f1d80000,0x00000000f1d80000,0x00000000ffb00000)
 ParOldGen       total 428544K, used 328242K [0x0000000081c00000, 0x000000009be80000, 0x00000000d5f00000)
  object space 428544K, 76% used [0x0000000081c00000,0x0000000095c8caa0,0x000000009be80000)
 Metaspace       used 83196K, capacity 92612K, committed 92800K, reserved 1128448K
  class space    used 12046K, capacity 14348K, committed 14464K, reserved 1048576K
Event: 110.761 GC heap after
Heap after GC invocations=96 (full 8):
 PSYoungGen      total 454656K, used 141365K [0x00000000d5f00000, 0x0000000100000000, 0x0000000100000000)
  eden space 227840K, 0% used [0x00000000d5f00000,0x00000000d5f00000,0x00000000e3d80000)
  from space 226816K, 62% used [0x00000000f1d80000,0x00000000fa78d6c0,0x00000000ffb00000)
  to   space 229376K, 0% used [0x00000000e3d80000,0x00000000e3d80000,0x00000000f1d80000)
 ParOldGen       total 428544K, used 328250K [0x0000000081c00000, 0x000000009be80000, 0x00000000d5f00000)
  object space 428544K, 76% used [0x0000000081c00000,0x0000000095c8eaa0,0x000000009be80000)
 Metaspace       used 83196K, capacity 92612K, committed 92800K, reserved 1128448K
  class space    used 12046K, capacity 14348K, committed 14464K, reserved 1048576K
}
Event: 111.526 GC heap before
{Heap before GC invocations=97 (full 8):
 PSYoungGen      total 454656K, used 369205K [0x00000000d5f00000, 0x0000000100000000, 0x0000000100000000)
  eden space 227840K, 100% used [0x00000000d5f00000,0x00000000e3d80000,0x00000000e3d80000)
  from space 226816K, 62% used [0x00000000f1d80000,0x00000000fa78d6c0,0x00000000ffb00000)
  to   space 229376K, 0% used [0x00000000e3d80000,0x00000000e3d80000,0x00000000f1d80000)
 ParOldGen       total 428544K, used 328250K [0x0000000081c00000, 0x000000009be80000, 0x00000000d5f00000)
  object space 428544K, 76% used [0x0000000081c00000,0x0000000095c8eaa0,0x000000009be80000)
 Metaspace       used 83974K, capacity 93594K, committed 93696K, reserved 1128448K
  class space    used 12201K, capacity 14541K, committed 14592K, reserved 1048576K
Event: 111.688 GC heap after
Heap after GC invocations=97 (full 8):
 PSYoungGen      total 457216K, used 138599K [0x00000000d5f00000, 0x0000000100000000, 0x0000000100000000)
  eden space 227840K, 0% used [0x00000000d5f00000,0x00000000d5f00000,0x00000000e3d80000)
  from space 229376K, 60% used [0x00000000e3d80000,0x00000000ec4d9ed8,0x00000000f1d80000)
  to   space 229376K, 0% used [0x00000000f2000000,0x00000000f2000000,0x0000000100000000)
 ParOldGen       total 428544K, used 328258K [0x0000000081c00000, 0x000000009be80000, 0x00000000d5f00000)
  object space 428544K, 76% used [0x0000000081c00000,0x0000000095c90aa0,0x000000009be80000)
 Metaspace       used 83974K, capacity 93594K, committed 93696K, reserved 1128448K
  class space    used 12201K, capacity 14541K, committed 14592K, reserved 1048576K
}
Event: 112.885 GC heap before
{Heap before GC invocations=98 (full 8):
 PSYoungGen      total 457216K, used 366439K [0x00000000d5f00000, 0x0000000100000000, 0x0000000100000000)
  eden space 227840K, 100% used [0x00000000d5f00000,0x00000000e3d80000,0x00000000e3d80000)
  from space 229376K, 60% used [0x00000000e3d80000,0x00000000ec4d9ed8,0x00000000f1d80000)
  to   space 229376K, 0% used [0x00000000f2000000,0x00000000f2000000,0x0000000100000000)
 ParOldGen       total 428544K, used 328258K [0x0000000081c00000, 0x000000009be80000, 0x00000000d5f00000)
  object space 428544K, 76% used [0x0000000081c00000,0x0000000095c90aa0,0x000000009be80000)
 Metaspace       used 85281K, capacity 95184K, committed 95488K, reserved 1130496K
  class space    used 12364K, capacity 14752K, committed 14848K, reserved 1048576K

