# JRE version: Java(TM) SE Runtime Environment (8.0_51-b16) (build 1.8.0_51-b16)
# Java VM: Java HotSpot(TM) 64-Bit Server VM (25.51-b03 mixed mode windows-amd64 compressed oops)
Heap:
 PSYoungGen      total 404992K, used 233797K [0x00000000d5f00000, 0x0000000100000000, 0x0000000100000000)
  eden space 234496K, 27% used [0x00000000d5f00000,0x00000000d9d48bb0,0x00000000e4400000)
  from space 170496K, 99% used [0x00000000e4400000,0x00000000eea08b10,0x00000000eea80000)
  to   space 229376K, 0% used [0x00000000f2000000,0x00000000f2000000,0x0000000100000000)
 ParOldGen       total 418816K, used 309587K [0x0000000081c00000, 0x000000009b500000, 0x00000000d5f00000)
  object space 418816K, 73% used [0x0000000081c00000,0x0000000094a54d80,0x000000009b500000)
 Metaspace       used 81459K, capacity 90788K, committed 91008K, reserved 1126400K
  class space    used 11811K, capacity 14120K, committed 14208K, reserved 1048576K
GC Heap History (10 events):
Event: 278.690 GC heap before
{Heap before GC invocations=90 (full 7):
 PSYoungGen      total 442880K, used 327680K [0x00000000d5f00000, 0x0000000100000000, 0x0000000100000000)
  eden space 327680K, 100% used [0x00000000d5f00000,0x00000000e9f00000,0x00000000e9f00000)
  from space 115200K, 0% used [0x00000000f8f80000,0x00000000f8f80000,0x0000000100000000)
  to   space 180736K, 0% used [0x00000000e9f00000,0x00000000e9f00000,0x00000000f4f80000)
 ParOldGen       total 418816K, used 309552K [0x0000000081c00000, 0x000000009b500000, 0x00000000d5f00000)
  object space 418816K, 73% used [0x0000000081c00000,0x0000000094a4c1d0,0x000000009b500000)
 Metaspace       used 72031K, capacity 79842K, committed 80000K, reserved 1116160K
  class space    used 10572K, capacity 12600K, committed 12672K, reserved 1048576K
Event: 278.814 GC heap after
Heap after GC invocations=90 (full 7):
 PSYoungGen      total 508416K, used 88722K [0x00000000d5f00000, 0x0000000100000000, 0x0000000100000000)
  eden space 327680K, 0% used [0x00000000d5f00000,0x00000000d5f00000,0x00000000e9f00000)
  from space 180736K, 49% used [0x00000000e9f00000,0x00000000ef5a4908,0x00000000f4f80000)
  to   space 179200K, 0% used [0x00000000f5100000,0x00000000f5100000,0x0000000100000000)
 ParOldGen       total 418816K, used 309560K [0x0000000081c00000, 0x000000009b500000, 0x00000000d5f00000)
  object space 418816K, 73% used [0x0000000081c00000,0x0000000094a4e1d0,0x000000009b500000)
 Metaspace       used 72031K, capacity 79842K, committed 80000K, reserved 1116160K
  class space    used 10572K, capacity 12600K, committed 12672K, reserved 1048576K
}
Event: 282.559 GC heap before
{Heap before GC invocations=91 (full 7):
 PSYoungGen      total 508416K, used 416402K [0x00000000d5f00000, 0x0000000100000000, 0x0000000100000000)
  eden space 327680K, 100% used [0x00000000d5f00000,0x00000000e9f00000,0x00000000e9f00000)
  from space 180736K, 49% used [0x00000000e9f00000,0x00000000ef5a4908,0x00000000f4f80000)
  to   space 179200K, 0% used [0x00000000f5100000,0x00000000f5100000,0x0000000100000000)
 ParOldGen       total 418816K, used 309563K [0x0000000081c00000, 0x000000009b500000, 0x00000000d5f00000)
  object space 418816K, 73% used [0x0000000081c00000,0x0000000094a4ed80,0x000000009b500000)
 Metaspace       used 72805K, capacity 80682K, committed 80896K, reserved 1118208K
  class space    used 10674K, capacity 12706K, committed 12800K, reserved 1048576K
Event: 282.723 GC heap after
Heap after GC invocations=91 (full 7):
 PSYoungGen      total 499712K, used 109275K [0x00000000d5f00000, 0x0000000100000000, 0x0000000100000000)
  eden space 320512K, 0% used [0x00000000d5f00000,0x00000000d5f00000,0x00000000e9800000)
  from space 179200K, 60% used [0x00000000f5100000,0x00000000fbbb6cf8,0x0000000100000000)
  to   space 184320K, 0% used [0x00000000e9800000,0x00000000e9800000,0x00000000f4c00000)
 ParOldGen       total 418816K, used 309571K [0x0000000081c00000, 0x000000009b500000, 0x00000000d5f00000)
  object space 418816K, 73% used [0x0000000081c00000,0x0000000094a50d80,0x000000009b500000)
 Metaspace       used 72805K, capacity 80682K, committed 80896K, reserved 1118208K
  class space    used 10674K, capacity 12706K, committed 12800K, reserved 1048576K
}
Event: 284.101 GC heap before
{Heap before GC invocations=92 (full 7):
 PSYoungGen      total 499712K, used 429787K [0x00000000d5f00000, 0x0000000100000000, 0x0000000100000000)
  eden space 320512K, 100% used [0x00000000d5f00000,0x00000000e9800000,0x00000000e9800000)
  from space 179200K, 60% used [0x00000000f5100000,0x00000000fbbb6cf8,0x0000000100000000)
  to   space 184320K, 0% used [0x00000000e9800000,0x00000000e9800000,0x00000000f4c00000)
 ParOldGen       total 418816K, used 309571K [0x0000000081c00000, 0x000000009b500000, 0x00000000d5f00000)
  object space 418816K, 73% used [0x0000000081c00000,0x0000000094a50d80,0x000000009b500000)
 Metaspace       used 74623K, capacity 82758K, committed 82944K, reserved 1120256K
  class space    used 10937K, capacity 13043K, committed 13056K, reserved 1048576K
Event: 284.352 GC heap after
Heap after GC invocations=92 (full 7):
 PSYoungGen      total 499712K, used 179012K [0x00000000d5f00000, 0x0000000100000000, 0x0000000100000000)
  eden space 320512K, 0% used [0x00000000d5f00000,0x00000000d5f00000,0x00000000e9800000)
  from space 179200K, 99% used [0x00000000e9800000,0x00000000f46d1380,0x00000000f4700000)
  to   space 189440K, 0% used [0x00000000f4700000,0x00000000f4700000,0x0000000100000000)
 ParOldGen       total 418816K, used 309571K [0x0000000081c00000, 0x000000009b500000, 0x00000000d5f00000)
  object space 418816K, 73% used [0x0000000081c00000,0x0000000094a50d80,0x000000009b500000)
 Metaspace       used 74623K, capacity 82758K, committed 82944K, reserved 1120256K
  class space    used 10937K, capacity 13043K, committed 13056K, reserved 1048576K
}
Event: 287.525 GC heap before
{Heap before GC invocations=93 (full 7):
 PSYoungGen      total 499712K, used 499524K [0x00000000d5f00000, 0x0000000100000000, 0x0000000100000000)
  eden space 320512K, 100% used [0x00000000d5f00000,0x00000000e9800000,0x00000000e9800000)
  from space 179200K, 99% used [0x00000000e9800000,0x00000000f46d1380,0x00000000f4700000)
  to   space 189440K, 0% used [0x00000000f4700000,0x00000000f4700000,0x0000000100000000)
 ParOldGen       total 418816K, used 309571K [0x0000000081c00000, 0x000000009b500000, 0x00000000d5f00000)
  object space 418816K, 73% used [0x0000000081c00000,0x0000000094a50d80,0x000000009b500000)
 Metaspace       used 76506K, capacity 85174K, committed 85376K, reserved 1122304K
  class space    used 11156K, capacity 13325K, committed 13440K, reserved 1048576K
Event: 287.709 GC heap after
Heap after GC invocations=93 (full 7):
 PSYoungGen      total 423936K, used 152444K [0x00000000d5f00000, 0x0000000100000000, 0x0000000100000000)
  eden space 234496K, 0% used [0x00000000d5f00000,0x00000000d5f00000,0x00000000e4400000)
  from space 189440K, 80% used [0x00000000f4700000,0x00000000fdbdf2c0,0x0000000100000000)
  to   space 227328K, 0% used [0x00000000e4400000,0x00000000e4400000,0x00000000f2200000)
 ParOldGen       total 418816K, used 309579K [0x0000000081c00000, 0x000000009b500000, 0x00000000d5f00000)
  object space 418816K, 73% used [0x0000000081c00000,0x0000000094a52d80,0x000000009b500000)
 Metaspace       used 76506K, capacity 85174K, committed 85376K, reserved 1122304K
  class space    used 11156K, capacity 13325K, committed 13440K, reserved 1048576K
}
Event: 289.726 GC heap before
{Heap before GC invocations=94 (full 7):
 PSYoungGen      total 423936K, used 386940K [0x00000000d5f00000, 0x0000000100000000, 0x0000000100000000)
  eden space 234496K, 100% used [0x00000000d5f00000,0x00000000e4400000,0x00000000e4400000)
  from space 189440K, 80% used [0x00000000f4700000,0x00000000fdbdf2c0,0x0000000100000000)
  to   space 227328K, 0% used [0x00000000e4400000,0x00000000e4400000,0x00000000f2200000)
 ParOldGen       total 418816K, used 309579K [0x0000000081c00000, 0x000000009b500000, 0x00000000d5f00000)
  object space 418816K, 73% used [0x0000000081c00000,0x0000000094a52d80,0x000000009b500000)
 Metaspace       used 79863K, capacity 88946K, committed 89216K, reserved 1124352K
  class space    used 11595K, capacity 13839K, committed 13952K, reserved 1048576K
Event: 289.959 GC heap after
Heap after GC invocations=94 (full 7):
 PSYoungGen      total 404992K, used 170018K [0x00000000d5f00000, 0x0000000100000000, 0x0000000100000000)
  eden space 234496K, 0% used [0x00000000d5f00000,0x00000000d5f00000,0x00000000e4400000)
  from space 170496K, 99% used [0x00000000e4400000,0x00000000eea08b10,0x00000000eea80000)
  to   space 229376K, 0% used [0x00000000f2000000,0x00000000f2000000,0x0000000100000000)
 ParOldGen       total 418816K, used 309587K [0x0000000081c00000, 0x000000009b500000, 0x00000000d5f00000)
  object space 418816K, 73% used [0x0000000081c00000,0x0000000094a54d80,0x000000009b500000)
 Metaspace       used 79863K, capacity 88946K, committed 89216K, reserved 1124352K
  class space    used 11595K, capacity 13839K, committed 13952K, reserved 1048576K
}

