# JRE version: Java(TM) SE Runtime Environment (8.0_51-b16) (build 1.8.0_51-b16)
# Java VM: Java HotSpot(TM) 64-Bit Server VM (25.51-b03 mixed mode windows-amd64 compressed oops)
Heap:
 PSYoungGen      total 429568K, used 279806K [0x00000000d5f00000, 0x0000000100000000, 0x0000000100000000)
  eden space 352256K, 79% used [0x00000000d5f00000,0x00000000e703fbb8,0x00000000eb700000)
  from space 77312K, 0% used [0x00000000fb480000,0x00000000fb480000,0x0000000100000000)
  to   space 168448K, 0% used [0x00000000eb700000,0x00000000eb700000,0x00000000f5b80000)
 ParOldGen       total 458240K, used 411684K [0x0000000081c00000, 0x000000009db80000, 0x00000000d5f00000)
  object space 458240K, 89% used [0x0000000081c00000,0x000000009ae09398,0x000000009db80000)
 Metaspace       used 71452K, capacity 79158K, committed 79360K, reserved 1116160K
  class space    used 10471K, capacity 12464K, committed 12544K, reserved 1048576K
GC Heap History (10 events):
Event: 76.627 GC heap before
{Heap before GC invocations=85 (full 5):
 PSYoungGen      total 611840K, used 562896K [0x00000000d5f00000, 0x0000000100000000, 0x0000000100000000)
  eden space 534528K, 100% used [0x00000000d5f00000,0x00000000f6900000,0x00000000f6900000)
  from space 77312K, 36% used [0x00000000f6900000,0x00000000f84b4370,0x00000000fb480000)
  to   space 74240K, 0% used [0x00000000fb780000,0x00000000fb780000,0x0000000100000000)
 ParOldGen       total 300544K, used 263877K [0x0000000081c00000, 0x0000000094180000, 0x00000000d5f00000)
  object space 300544K, 87% used [0x0000000081c00000,0x0000000091db1790,0x0000000094180000)
 Metaspace       used 66135K, capacity 72416K, committed 72576K, reserved 1110016K
  class space    used 9616K, capacity 11289K, committed 11392K, reserved 1048576K
Event: 76.680 GC heap after
Heap after GC invocations=85 (full 5):
 PSYoungGen      total 608768K, used 37576K [0x00000000d5f00000, 0x00000000ffd00000, 0x0000000100000000)
  eden space 537600K, 0% used [0x00000000d5f00000,0x00000000d5f00000,0x00000000f6c00000)
  from space 71168K, 52% used [0x00000000fb780000,0x00000000fdc32398,0x00000000ffd00000)
  to   space 74240K, 0% used [0x00000000f6c00000,0x00000000f6c00000,0x00000000fb480000)
 ParOldGen       total 300544K, used 263885K [0x0000000081c00000, 0x0000000094180000, 0x00000000d5f00000)
  object space 300544K, 87% used [0x0000000081c00000,0x0000000091db3790,0x0000000094180000)
 Metaspace       used 66135K, capacity 72416K, committed 72576K, reserved 1110016K
  class space    used 9616K, capacity 11289K, committed 11392K, reserved 1048576K
}
Event: 81.449 GC heap before
{Heap before GC invocations=86 (full 5):
 PSYoungGen      total 608768K, used 575176K [0x00000000d5f00000, 0x00000000ffd00000, 0x0000000100000000)
  eden space 537600K, 100% used [0x00000000d5f00000,0x00000000f6c00000,0x00000000f6c00000)
  from space 71168K, 52% used [0x00000000fb780000,0x00000000fdc32398,0x00000000ffd00000)
  to   space 74240K, 0% used [0x00000000f6c00000,0x00000000f6c00000,0x00000000fb480000)
 ParOldGen       total 300544K, used 263885K [0x0000000081c00000, 0x0000000094180000, 0x00000000d5f00000)
  object space 300544K, 87% used [0x0000000081c00000,0x0000000091db3790,0x0000000094180000)
 Metaspace       used 67422K, capacity 73882K, committed 73984K, reserved 1112064K
  class space    used 9779K, capacity 11460K, committed 11520K, reserved 1048576K
Event: 81.686 GC heap after
Heap after GC invocations=86 (full 5):
 PSYoungGen      total 611840K, used 74209K [0x00000000d5f00000, 0x0000000100000000, 0x0000000100000000)
  eden space 537600K, 0% used [0x00000000d5f00000,0x00000000d5f00000,0x00000000f6c00000)
  from space 74240K, 99% used [0x00000000f6c00000,0x00000000fb478408,0x00000000fb480000)
  to   space 77312K, 0% used [0x00000000fb480000,0x00000000fb480000,0x0000000100000000)
 ParOldGen       total 335360K, used 335343K [0x0000000081c00000, 0x0000000096380000, 0x00000000d5f00000)
  object space 335360K, 99% used [0x0000000081c00000,0x000000009637bdd8,0x0000000096380000)
 Metaspace       used 67422K, capacity 73882K, committed 73984K, reserved 1112064K
  class space    used 9779K, capacity 11460K, committed 11520K, reserved 1048576K
}
Event: 81.686 GC heap before
{Heap before GC invocations=87 (full 6):
 PSYoungGen      total 611840K, used 74209K [0x00000000d5f00000, 0x0000000100000000, 0x0000000100000000)
  eden space 537600K, 0% used [0x00000000d5f00000,0x00000000d5f00000,0x00000000f6c00000)
  from space 74240K, 99% used [0x00000000f6c00000,0x00000000fb478408,0x00000000fb480000)
  to   space 77312K, 0% used [0x00000000fb480000,0x00000000fb480000,0x0000000100000000)
 ParOldGen       total 335360K, used 335343K [0x0000000081c00000, 0x0000000096380000, 0x00000000d5f00000)
  object space 335360K, 99% used [0x0000000081c00000,0x000000009637bdd8,0x0000000096380000)
 Metaspace       used 67422K, capacity 73882K, committed 73984K, reserved 1112064K
  class space    used 9779K, capacity 11460K, committed 11520K, reserved 1048576K
Event: 82.838 GC heap after
Heap after GC invocations=87 (full 6):
 PSYoungGen      total 611840K, used 0K [0x00000000d5f00000, 0x0000000100000000, 0x0000000100000000)
  eden space 537600K, 0% used [0x00000000d5f00000,0x00000000d5f00000,0x00000000f6c00000)
  from space 74240K, 0% used [0x00000000f6c00000,0x00000000f6c00000,0x00000000fb480000)
  to   space 77312K, 0% used [0x00000000fb480000,0x00000000fb480000,0x0000000100000000)
 ParOldGen       total 458240K, used 316313K [0x0000000081c00000, 0x000000009db80000, 0x00000000d5f00000)
  object space 458240K, 69% used [0x0000000081c00000,0x00000000950e6710,0x000000009db80000)
 Metaspace       used 67414K, capacity 73866K, committed 73984K, reserved 1112064K
  class space    used 9777K, capacity 11456K, committed 11520K, reserved 1048576K
}
Event: 133.880 GC heap before
{Heap before GC invocations=88 (full 6):
 PSYoungGen      total 611840K, used 537600K [0x00000000d5f00000, 0x0000000100000000, 0x0000000100000000)
  eden space 537600K, 100% used [0x00000000d5f00000,0x00000000f6c00000,0x00000000f6c00000)
  from space 74240K, 0% used [0x00000000f6c00000,0x00000000f6c00000,0x00000000fb480000)
  to   space 77312K, 0% used [0x00000000fb480000,0x00000000fb480000,0x0000000100000000)
 ParOldGen       total 458240K, used 316313K [0x0000000081c00000, 0x000000009db80000, 0x00000000d5f00000)
  object space 458240K, 69% used [0x0000000081c00000,0x00000000950e6710,0x000000009db80000)
 Metaspace       used 70465K, capacity 77858K, committed 78080K, reserved 1116160K
  class space    used 10331K, capacity 12284K, committed 12288K, reserved 1048576K
Event: 134.243 GC heap after
Heap after GC invocations=88 (full 6):
 PSYoungGen      total 429568K, used 77287K [0x00000000d5f00000, 0x0000000100000000, 0x0000000100000000)
  eden space 352256K, 0% used [0x00000000d5f00000,0x00000000d5f00000,0x00000000eb700000)
  from space 77312K, 99% used [0x00000000fb480000,0x00000000ffff9fd8,0x0000000100000000)
  to   space 168448K, 0% used [0x00000000eb700000,0x00000000eb700000,0x00000000f5b80000)
 ParOldGen       total 458240K, used 444026K [0x0000000081c00000, 0x000000009db80000, 0x00000000d5f00000)
  object space 458240K, 96% used [0x0000000081c00000,0x000000009cd9ea30,0x000000009db80000)
 Metaspace       used 70465K, capacity 77858K, committed 78080K, reserved 1116160K
  class space    used 10331K, capacity 12284K, committed 12288K, reserved 1048576K
}
Event: 134.243 GC heap before
{Heap before GC invocations=89 (full 7):
 PSYoungGen      total 429568K, used 77287K [0x00000000d5f00000, 0x0000000100000000, 0x0000000100000000)
  eden space 352256K, 0% used [0x00000000d5f00000,0x00000000d5f00000,0x00000000eb700000)
  from space 77312K, 99% used [0x00000000fb480000,0x00000000ffff9fd8,0x0000000100000000)
  to   space 168448K, 0% used [0x00000000eb700000,0x00000000eb700000,0x00000000f5b80000)
 ParOldGen       total 458240K, used 444026K [0x0000000081c00000, 0x000000009db80000, 0x00000000d5f00000)
  object space 458240K, 96% used [0x0000000081c00000,0x000000009cd9ea30,0x000000009db80000)
 Metaspace       used 70465K, capacity 77858K, committed 78080K, reserved 1116160K
  class space    used 10331K, capacity 12284K, committed 12288K, reserved 1048576K
Event: 135.419 GC heap after
Heap after GC invocations=89 (full 7):
 PSYoungGen      total 429568K, used 0K [0x00000000d5f00000, 0x0000000100000000, 0x0000000100000000)
  eden space 352256K, 0% used [0x00000000d5f00000,0x00000000d5f00000,0x00000000eb700000)
  from space 77312K, 0% used [0x00000000fb480000,0x00000000fb480000,0x0000000100000000)
  to   space 168448K, 0% used [0x00000000eb700000,0x00000000eb700000,0x00000000f5b80000)
 ParOldGen       total 458240K, used 411684K [0x0000000081c00000, 0x000000009db80000, 0x00000000d5f00000)
  object space 458240K, 89% used [0x0000000081c00000,0x000000009ae09398,0x000000009db80000)
 Metaspace       used 70465K, capacity 77858K, committed 78080K, reserved 1116160K
  class space    used 10331K, capacity 12284K, committed 12288K, reserved 1048576K
}

