# JRE version: Java(TM) SE Runtime Environment (8.0_51-b16) (build 1.8.0_51-b16)
# Java VM: Java HotSpot(TM) 64-Bit Server VM (25.51-b03 mixed mode windows-amd64 compressed oops)
Heap:
 PSYoungGen      total 475136K, used 331983K [0x00000000d5f00000, 0x0000000100000000, 0x0000000100000000)
  eden space 250368K, 88% used [0x00000000d5f00000,0x00000000e3657d20,0x00000000e5380000)
  from space 224768K, 49% used [0x00000000f2480000,0x00000000f915bf00,0x0000000100000000)
  to   space 214016K, 0% used [0x00000000e5380000,0x00000000e5380000,0x00000000f2480000)
 ParOldGen       total 576000K, used 371388K [0x0000000081c00000, 0x00000000a4e80000, 0x00000000d5f00000)
  object space 576000K, 64% used [0x0000000081c00000,0x00000000986af200,0x00000000a4e80000)
 Metaspace       used 91760K, capacity 103716K, committed 103936K, reserved 1136640K
  class space    used 13588K, capacity 16554K, committed 16640K, reserved 1048576K
GC Heap History (10 events):
Event: 195.590 GC heap before
{Heap before GC invocations=168 (full 8):
 PSYoungGen      total 445440K, used 382471K [0x00000000d5f00000, 0x00000000fb280000, 0x0000000100000000)
  eden space 285184K, 100% used [0x00000000d5f00000,0x00000000e7580000,0x00000000e7580000)
  from space 160256K, 60% used [0x00000000e7580000,0x00000000ed481e40,0x00000000f1200000)
  to   space 158720K, 0% used [0x00000000f1780000,0x00000000f1780000,0x00000000fb280000)
 ParOldGen       total 576000K, used 298461K [0x0000000081c00000, 0x00000000a4e80000, 0x00000000d5f00000)
  object space 576000K, 51% used [0x0000000081c00000,0x0000000093f777b8,0x00000000a4e80000)
 Metaspace       used 85864K, capacity 96984K, committed 97024K, reserved 1130496K
  class space    used 12810K, capacity 15584K, committed 15616K, reserved 1048576K
Event: 195.696 GC heap after
Heap after GC invocations=168 (full 8):
 PSYoungGen      total 444416K, used 121801K [0x00000000d5f00000, 0x00000000fc080000, 0x0000000100000000)
  eden space 285696K, 0% used [0x00000000d5f00000,0x00000000d5f00000,0x00000000e7600000)
  from space 158720K, 76% used [0x00000000f1780000,0x00000000f8e725f8,0x00000000fb280000)
  to   space 165376K, 0% used [0x00000000e7600000,0x00000000e7600000,0x00000000f1780000)
 ParOldGen       total 576000K, used 298469K [0x0000000081c00000, 0x00000000a4e80000, 0x00000000d5f00000)
  object space 576000K, 51% used [0x0000000081c00000,0x0000000093f797b8,0x00000000a4e80000)
 Metaspace       used 85864K, capacity 96984K, committed 97024K, reserved 1130496K
  class space    used 12810K, capacity 15584K, committed 15616K, reserved 1048576K
}
Event: 198.973 GC heap before
{Heap before GC invocations=169 (full 8):
 PSYoungGen      total 444416K, used 407469K [0x00000000d5f00000, 0x00000000fc080000, 0x0000000100000000)
  eden space 285696K, 99% used [0x00000000d5f00000,0x00000000e75f8f38,0x00000000e7600000)
  from space 158720K, 76% used [0x00000000f1780000,0x00000000f8e725f8,0x00000000fb280000)
  to   space 165376K, 0% used [0x00000000e7600000,0x00000000e7600000,0x00000000f1780000)
 ParOldGen       total 576000K, used 298469K [0x0000000081c00000, 0x00000000a4e80000, 0x00000000d5f00000)
  object space 576000K, 51% used [0x0000000081c00000,0x0000000093f797b8,0x00000000a4e80000)
 Metaspace       used 87822K, capacity 99030K, committed 99072K, reserved 1132544K
  class space    used 13037K, capacity 15843K, committed 15872K, reserved 1048576K
Event: 199.079 GC heap after
Heap after GC invocations=169 (full 8):
 PSYoungGen      total 451072K, used 128786K [0x00000000d5f00000, 0x00000000fd000000, 0x0000000100000000)
  eden space 285696K, 0% used [0x00000000d5f00000,0x00000000d5f00000,0x00000000e7600000)
  from space 165376K, 77% used [0x00000000e7600000,0x00000000ef3c4b18,0x00000000f1780000)
  to   space 173056K, 0% used [0x00000000f2700000,0x00000000f2700000,0x00000000fd000000)
 ParOldGen       total 576000K, used 298477K [0x0000000081c00000, 0x00000000a4e80000, 0x00000000d5f00000)
  object space 576000K, 51% used [0x0000000081c00000,0x0000000093f7b7b8,0x00000000a4e80000)
 Metaspace       used 87822K, capacity 99030K, committed 99072K, reserved 1132544K
  class space    used 13037K, capacity 15843K, committed 15872K, reserved 1048576K
}
Event: 200.281 GC heap before
{Heap before GC invocations=170 (full 8):
 PSYoungGen      total 451072K, used 414482K [0x00000000d5f00000, 0x00000000fd000000, 0x0000000100000000)
  eden space 285696K, 100% used [0x00000000d5f00000,0x00000000e7600000,0x00000000e7600000)
  from space 165376K, 77% used [0x00000000e7600000,0x00000000ef3c4b18,0x00000000f1780000)
  to   space 173056K, 0% used [0x00000000f2700000,0x00000000f2700000,0x00000000fd000000)
 ParOldGen       total 576000K, used 298478K [0x0000000081c00000, 0x00000000a4e80000, 0x00000000d5f00000)
  object space 576000K, 51% used [0x0000000081c00000,0x0000000093f7b820,0x00000000a4e80000)
 Metaspace       used 89251K, capacity 100710K, committed 100992K, reserved 1134592K
  class space    used 13318K, capacity 16197K, committed 16256K, reserved 1048576K
Event: 200.520 GC heap after
Heap after GC invocations=170 (full 8):
 PSYoungGen      total 424448K, used 173031K [0x00000000d5f00000, 0x0000000100000000, 0x0000000100000000)
  eden space 251392K, 0% used [0x00000000d5f00000,0x00000000d5f00000,0x00000000e5480000)
  from space 173056K, 99% used [0x00000000f2700000,0x00000000fcff9dc0,0x00000000fd000000)
  to   space 215552K, 0% used [0x00000000e5480000,0x00000000e5480000,0x00000000f2700000)
 ParOldGen       total 576000K, used 353012K [0x0000000081c00000, 0x00000000a4e80000, 0x00000000d5f00000)
  object space 576000K, 61% used [0x0000000081c00000,0x00000000974bd3e8,0x00000000a4e80000)
 Metaspace       used 89251K, capacity 100710K, committed 100992K, reserved 1134592K
  class space    used 13318K, capacity 16197K, committed 16256K, reserved 1048576K
}
Event: 202.478 GC heap before
{Heap before GC invocations=171 (full 8):
 PSYoungGen      total 424448K, used 424423K [0x00000000d5f00000, 0x0000000100000000, 0x0000000100000000)
  eden space 251392K, 100% used [0x00000000d5f00000,0x00000000e5480000,0x00000000e5480000)
  from space 173056K, 99% used [0x00000000f2700000,0x00000000fcff9dc0,0x00000000fd000000)
  to   space 215552K, 0% used [0x00000000e5480000,0x00000000e5480000,0x00000000f2700000)
 ParOldGen       total 576000K, used 353336K [0x0000000081c00000, 0x00000000a4e80000, 0x00000000d5f00000)
  object space 576000K, 61% used [0x0000000081c00000,0x000000009750e098,0x00000000a4e80000)
 Metaspace       used 90832K, capacity 102594K, committed 102784K, reserved 1136640K
  class space    used 13480K, capacity 16405K, committed 16512K, reserved 1048576K
Event: 202.674 GC heap after
Heap after GC invocations=171 (full 8):
 PSYoungGen      total 410624K, used 159061K [0x00000000d5f00000, 0x0000000100000000, 0x0000000100000000)
  eden space 251392K, 0% used [0x00000000d5f00000,0x00000000d5f00000,0x00000000e5480000)
  from space 159232K, 99% used [0x00000000e5480000,0x00000000eefd54f0,0x00000000ef000000)
  to   space 224768K, 0% used [0x00000000f2480000,0x00000000f2480000,0x0000000100000000)
 ParOldGen       total 576000K, used 371380K [0x0000000081c00000, 0x00000000a4e80000, 0x00000000d5f00000)
  object space 576000K, 64% used [0x0000000081c00000,0x00000000986ad200,0x00000000a4e80000)
 Metaspace       used 90832K, capacity 102594K, committed 102784K, reserved 1136640K
  class space    used 13480K, capacity 16405K, committed 16512K, reserved 1048576K
}
Event: 204.862 GC heap before
{Heap before GC invocations=172 (full 8):
 PSYoungGen      total 410624K, used 410453K [0x00000000d5f00000, 0x0000000100000000, 0x0000000100000000)
  eden space 251392K, 100% used [0x00000000d5f00000,0x00000000e5480000,0x00000000e5480000)
  from space 159232K, 99% used [0x00000000e5480000,0x00000000eefd54f0,0x00000000ef000000)
  to   space 224768K, 0% used [0x00000000f2480000,0x00000000f2480000,0x0000000100000000)
 ParOldGen       total 576000K, used 371380K [0x0000000081c00000, 0x00000000a4e80000, 0x00000000d5f00000)
  object space 576000K, 64% used [0x0000000081c00000,0x00000000986ad200,0x00000000a4e80000)
 Metaspace       used 91219K, capacity 103120K, committed 103296K, reserved 1136640K
  class space    used 13516K, capacity 16460K, committed 16512K, reserved 1048576K
Event: 204.958 GC heap after
Heap after GC invocations=172 (full 8):
 PSYoungGen      total 475136K, used 111471K [0x00000000d5f00000, 0x0000000100000000, 0x0000000100000000)
  eden space 250368K, 0% used [0x00000000d5f00000,0x00000000d5f00000,0x00000000e5380000)
  from space 224768K, 49% used [0x00000000f2480000,0x00000000f915bf00,0x0000000100000000)
  to   space 214016K, 0% used [0x00000000e5380000,0x00000000e5380000,0x00000000f2480000)
 ParOldGen       total 576000K, used 371388K [0x0000000081c00000, 0x00000000a4e80000, 0x00000000d5f00000)
  object space 576000K, 64% used [0x0000000081c00000,0x00000000986af200,0x00000000a4e80000)
 Metaspace       used 91219K, capacity 103120K, committed 103296K, reserved 1136640K
  class space    used 13516K, capacity 16460K, committed 16512K, reserved 1048576K
}

