# JRE version: Java(TM) SE Runtime Environment (8.0_51-b16) (build 1.8.0_51-b16)
# Java VM: Java HotSpot(TM) 64-Bit Server VM (25.51-b03 mixed mode windows-amd64 compressed oops)
Heap:
 PSYoungGen      total 556032K, used 343496K [0x00000000d5f00000, 0x0000000100000000, 0x0000000100000000)
  eden space 422912K, 81% used [0x00000000d5f00000,0x00000000eae72150,0x00000000efc00000)
  from space 133120K, 0% used [0x00000000efc00000,0x00000000efc00000,0x00000000f7e00000)
  to   space 133120K, 0% used [0x00000000f7e00000,0x00000000f7e00000,0x0000000100000000)
 ParOldGen       total 338432K, used 338217K [0x0000000081c00000, 0x0000000096680000, 0x00000000d5f00000)
  object space 338432K, 99% used [0x0000000081c00000,0x000000009664a680,0x0000000096680000)
 Metaspace       used 87660K, capacity 98426K, committed 98560K, reserved 1132544K
  class space    used 12657K, capacity 15239K, committed 15360K, reserved 1048576K
GC Heap History (10 events):
Event: 151.313 GC heap before
{Heap before GC invocations=90 (full 11):
 PSYoungGen      total 556032K, used 422912K [0x00000000d5f00000, 0x0000000100000000, 0x0000000100000000)
  eden space 422912K, 100% used [0x00000000d5f00000,0x00000000efc00000,0x00000000efc00000)
  from space 133120K, 0% used [0x00000000efc00000,0x00000000efc00000,0x00000000f7e00000)
  to   space 133120K, 0% used [0x00000000f7e00000,0x00000000f7e00000,0x0000000100000000)
 ParOldGen       total 338432K, used 338340K [0x0000000081c00000, 0x0000000096680000, 0x00000000d5f00000)
  object space 338432K, 99% used [0x0000000081c00000,0x00000000966690d0,0x0000000096680000)
 Metaspace       used 76497K, capacity 85268K, committed 85376K, reserved 1122304K
  class space    used 11132K, capacity 13340K, committed 13440K, reserved 1048576K
Event: 152.971 GC heap after
Heap after GC invocations=90 (full 11):
 PSYoungGen      total 556032K, used 47171K [0x00000000d5f00000, 0x0000000100000000, 0x0000000100000000)
  eden space 422912K, 11% used [0x00000000d5f00000,0x00000000d8d10fb0,0x00000000efc00000)
  from space 133120K, 0% used [0x00000000efc00000,0x00000000efc00000,0x00000000f7e00000)
  to   space 133120K, 0% used [0x00000000f7e00000,0x00000000f7e00000,0x0000000100000000)
 ParOldGen       total 338432K, used 338314K [0x0000000081c00000, 0x0000000096680000, 0x00000000d5f00000)
  object space 338432K, 99% used [0x0000000081c00000,0x0000000096662aa0,0x0000000096680000)
 Metaspace       used 76497K, capacity 85268K, committed 85376K, reserved 1122304K
  class space    used 11132K, capacity 13340K, committed 13440K, reserved 1048576K
}
Event: 162.885 GC heap before
{Heap before GC invocations=91 (full 12):
 PSYoungGen      total 556032K, used 422912K [0x00000000d5f00000, 0x0000000100000000, 0x0000000100000000)
  eden space 422912K, 100% used [0x00000000d5f00000,0x00000000efc00000,0x00000000efc00000)
  from space 133120K, 0% used [0x00000000efc00000,0x00000000efc00000,0x00000000f7e00000)
  to   space 133120K, 0% used [0x00000000f7e00000,0x00000000f7e00000,0x0000000100000000)
 ParOldGen       total 338432K, used 338317K [0x0000000081c00000, 0x0000000096680000, 0x00000000d5f00000)
  object space 338432K, 99% used [0x0000000081c00000,0x0000000096663608,0x0000000096680000)
 Metaspace       used 80397K, capacity 89664K, committed 89984K, reserved 1126400K
  class space    used 11607K, capacity 13862K, committed 13952K, reserved 1048576K
Event: 164.847 GC heap after
Heap after GC invocations=91 (full 12):
 PSYoungGen      total 556032K, used 57393K [0x00000000d5f00000, 0x0000000100000000, 0x0000000100000000)
  eden space 422912K, 13% used [0x00000000d5f00000,0x00000000d970c4e0,0x00000000efc00000)
  from space 133120K, 0% used [0x00000000efc00000,0x00000000efc00000,0x00000000f7e00000)
  to   space 133120K, 0% used [0x00000000f7e00000,0x00000000f7e00000,0x0000000100000000)
 ParOldGen       total 338432K, used 338397K [0x0000000081c00000, 0x0000000096680000, 0x00000000d5f00000)
  object space 338432K, 99% used [0x0000000081c00000,0x0000000096677778,0x0000000096680000)
 Metaspace       used 80397K, capacity 89664K, committed 89984K, reserved 1126400K
  class space    used 11607K, capacity 13862K, committed 13952K, reserved 1048576K
}
Event: 169.962 GC heap before
{Heap before GC invocations=92 (full 13):
 PSYoungGen      total 556032K, used 422912K [0x00000000d5f00000, 0x0000000100000000, 0x0000000100000000)
  eden space 422912K, 100% used [0x00000000d5f00000,0x00000000efc00000,0x00000000efc00000)
  from space 133120K, 0% used [0x00000000efc00000,0x00000000efc00000,0x00000000f7e00000)
  to   space 133120K, 0% used [0x00000000f7e00000,0x00000000f7e00000,0x0000000100000000)
 ParOldGen       total 338432K, used 338397K [0x0000000081c00000, 0x0000000096680000, 0x00000000d5f00000)
  object space 338432K, 99% used [0x0000000081c00000,0x0000000096677778,0x0000000096680000)
 Metaspace       used 83258K, capacity 93024K, committed 93184K, reserved 1128448K
  class space    used 11997K, capacity 14334K, committed 14336K, reserved 1048576K
Event: 170.774 GC heap after
Heap after GC invocations=92 (full 13):
 PSYoungGen      total 556032K, used 0K [0x00000000d5f00000, 0x0000000100000000, 0x0000000100000000)
  eden space 422912K, 0% used [0x00000000d5f00000,0x00000000d5f00000,0x00000000efc00000)
  from space 133120K, 0% used [0x00000000efc00000,0x00000000efc00000,0x00000000f7e00000)
  to   space 133120K, 0% used [0x00000000f7e00000,0x00000000f7e00000,0x0000000100000000)
 ParOldGen       total 338432K, used 317130K [0x0000000081c00000, 0x0000000096680000, 0x00000000d5f00000)
  object space 338432K, 93% used [0x0000000081c00000,0x00000000951b2950,0x0000000096680000)
 Metaspace       used 83258K, capacity 93024K, committed 93184K, reserved 1128448K
  class space    used 11997K, capacity 14334K, committed 14336K, reserved 1048576K
}
Event: 172.331 GC heap before
{Heap before GC invocations=93 (full 14):
 PSYoungGen      total 556032K, used 422912K [0x00000000d5f00000, 0x0000000100000000, 0x0000000100000000)
  eden space 422912K, 100% used [0x00000000d5f00000,0x00000000efc00000,0x00000000efc00000)
  from space 133120K, 0% used [0x00000000efc00000,0x00000000efc00000,0x00000000f7e00000)
  to   space 133120K, 0% used [0x00000000f7e00000,0x00000000f7e00000,0x0000000100000000)
 ParOldGen       total 338432K, used 317130K [0x0000000081c00000, 0x0000000096680000, 0x00000000d5f00000)
  object space 338432K, 93% used [0x0000000081c00000,0x00000000951b2950,0x0000000096680000)
 Metaspace       used 84791K, capacity 94880K, committed 95104K, reserved 1130496K
  class space    used 12274K, capacity 14716K, committed 14720K, reserved 1048576K
Event: 173.970 GC heap after
Heap after GC invocations=93 (full 14):
 PSYoungGen      total 556032K, used 100077K [0x00000000d5f00000, 0x0000000100000000, 0x0000000100000000)
  eden space 422912K, 23% used [0x00000000d5f00000,0x00000000dc0bb510,0x00000000efc00000)
  from space 133120K, 0% used [0x00000000efc00000,0x00000000efc00000,0x00000000f7e00000)
  to   space 133120K, 0% used [0x00000000f7e00000,0x00000000f7e00000,0x0000000100000000)
 ParOldGen       total 338432K, used 338382K [0x0000000081c00000, 0x0000000096680000, 0x00000000d5f00000)
  object space 338432K, 99% used [0x0000000081c00000,0x0000000096673840,0x0000000096680000)
 Metaspace       used 84791K, capacity 94880K, committed 95104K, reserved 1130496K
  class space    used 12274K, capacity 14716K, committed 14720K, reserved 1048576K
}
Event: 176.562 GC heap before
{Heap before GC invocations=94 (full 15):
 PSYoungGen      total 556032K, used 422912K [0x00000000d5f00000, 0x0000000100000000, 0x0000000100000000)
  eden space 422912K, 100% used [0x00000000d5f00000,0x00000000efc00000,0x00000000efc00000)
  from space 133120K, 0% used [0x00000000efc00000,0x00000000efc00000,0x00000000f7e00000)
  to   space 133120K, 0% used [0x00000000f7e00000,0x00000000f7e00000,0x0000000100000000)
 ParOldGen       total 338432K, used 338382K [0x0000000081c00000, 0x0000000096680000, 0x00000000d5f00000)
  object space 338432K, 99% used [0x0000000081c00000,0x0000000096673840,0x0000000096680000)
 Metaspace       used 86474K, capacity 96828K, committed 96896K, reserved 1130496K
  class space    used 12455K, capacity 14944K, committed 14976K, reserved 1048576K
Event: 177.950 GC heap after
Heap after GC invocations=94 (full 15):
 PSYoungGen      total 556032K, used 26214K [0x00000000d5f00000, 0x0000000100000000, 0x0000000100000000)
  eden space 422912K, 6% used [0x00000000d5f00000,0x00000000d78998e0,0x00000000efc00000)
  from space 133120K, 0% used [0x00000000efc00000,0x00000000efc00000,0x00000000f7e00000)
  to   space 133120K, 0% used [0x00000000f7e00000,0x00000000f7e00000,0x0000000100000000)
 ParOldGen       total 338432K, used 338217K [0x0000000081c00000, 0x0000000096680000, 0x00000000d5f00000)
  object space 338432K, 99% used [0x0000000081c00000,0x000000009664a680,0x0000000096680000)
 Metaspace       used 86474K, capacity 96828K, committed 96896K, reserved 1130496K
  class space    used 12455K, capacity 14944K, committed 14976K, reserved 1048576K
}

