# JRE version: Java(TM) SE Runtime Environment (8.0_51-b16) (build 1.8.0_51-b16)
# Java VM: Java HotSpot(TM) 64-Bit Server VM (25.51-b03 mixed mode windows-amd64 compressed oops)
Heap:
 PSYoungGen      total 507392K, used 164520K [0x00000000d5f00000, 0x00000000f9700000, 0x0000000100000000)
  eden space 444928K, 28% used [0x00000000d5f00000,0x00000000ddba4168,0x00000000f1180000)
  from space 62464K, 59% used [0x00000000f1180000,0x00000000f35860b0,0x00000000f4e80000)
  to   space 60416K, 0% used [0x00000000f5c00000,0x00000000f5c00000,0x00000000f9700000)
 ParOldGen       total 664064K, used 572100K [0x0000000081c00000, 0x00000000aa480000, 0x00000000d5f00000)
  object space 664064K, 86% used [0x0000000081c00000,0x00000000a4ab13b8,0x00000000aa480000)
 Metaspace       used 89141K, capacity 100256K, committed 100480K, reserved 1134592K
  class space    used 12611K, capacity 15180K, committed 15232K, reserved 1048576K
GC Heap History (10 events):
Event: 270.491 GC heap before
{Heap before GC invocations=144 (full 7):
 PSYoungGen      total 477696K, used 457625K [0x00000000d5f00000, 0x00000000f6b80000, 0x0000000100000000)
  eden space 419328K, 100% used [0x00000000d5f00000,0x00000000ef880000,0x00000000ef880000)
  from space 58368K, 65% used [0x00000000f3280000,0x00000000f57e6500,0x00000000f6b80000)
  to   space 58880K, 0% used [0x00000000ef880000,0x00000000ef880000,0x00000000f3200000)
 ParOldGen       total 664064K, used 562559K [0x0000000081c00000, 0x00000000aa480000, 0x00000000d5f00000)
  object space 664064K, 84% used [0x0000000081c00000,0x00000000a415fc90,0x00000000aa480000)
 Metaspace       used 89123K, capacity 100182K, committed 100480K, reserved 1134592K
  class space    used 12611K, capacity 15179K, committed 15232K, reserved 1048576K
Event: 270.513 GC heap after
Heap after GC invocations=144 (full 7):
 PSYoungGen      total 478208K, used 39026K [0x00000000d5f00000, 0x00000000f7700000, 0x0000000100000000)
  eden space 419328K, 0% used [0x00000000d5f00000,0x00000000d5f00000,0x00000000ef880000)
  from space 58880K, 66% used [0x00000000ef880000,0x00000000f1e9ca98,0x00000000f3200000)
  to   space 58880K, 0% used [0x00000000f3d80000,0x00000000f3d80000,0x00000000f7700000)
 ParOldGen       total 664064K, used 562800K [0x0000000081c00000, 0x00000000aa480000, 0x00000000d5f00000)
  object space 664064K, 84% used [0x0000000081c00000,0x00000000a419c2a0,0x00000000aa480000)
 Metaspace       used 89123K, capacity 100182K, committed 100480K, reserved 1134592K
  class space    used 12611K, capacity 15179K, committed 15232K, reserved 1048576K
}
Event: 272.704 GC heap before
{Heap before GC invocations=145 (full 7):
 PSYoungGen      total 478208K, used 458354K [0x00000000d5f00000, 0x00000000f7700000, 0x0000000100000000)
  eden space 419328K, 100% used [0x00000000d5f00000,0x00000000ef880000,0x00000000ef880000)
  from space 58880K, 66% used [0x00000000ef880000,0x00000000f1e9ca98,0x00000000f3200000)
  to   space 58880K, 0% used [0x00000000f3d80000,0x00000000f3d80000,0x00000000f7700000)
 ParOldGen       total 664064K, used 562810K [0x0000000081c00000, 0x00000000aa480000, 0x00000000d5f00000)
  object space 664064K, 84% used [0x0000000081c00000,0x00000000a419ea70,0x00000000aa480000)
 Metaspace       used 89127K, capacity 100246K, committed 100480K, reserved 1134592K
  class space    used 12611K, capacity 15179K, committed 15232K, reserved 1048576K
Event: 272.736 GC heap after
Heap after GC invocations=145 (full 7):
 PSYoungGen      total 487936K, used 44543K [0x00000000d5f00000, 0x00000000f7d00000, 0x0000000100000000)
  eden space 429056K, 0% used [0x00000000d5f00000,0x00000000d5f00000,0x00000000f0200000)
  from space 58880K, 75% used [0x00000000f3d80000,0x00000000f68ffd10,0x00000000f7700000)
  to   space 60928K, 0% used [0x00000000f0200000,0x00000000f0200000,0x00000000f3d80000)
 ParOldGen       total 664064K, used 562898K [0x0000000081c00000, 0x00000000aa480000, 0x00000000d5f00000)
  object space 664064K, 84% used [0x0000000081c00000,0x00000000a41b4a70,0x00000000aa480000)
 Metaspace       used 89127K, capacity 100246K, committed 100480K, reserved 1134592K
  class space    used 12611K, capacity 15179K, committed 15232K, reserved 1048576K
}
Event: 274.526 GC heap before
{Heap before GC invocations=146 (full 7):
 PSYoungGen      total 487936K, used 473599K [0x00000000d5f00000, 0x00000000f7d00000, 0x0000000100000000)
  eden space 429056K, 100% used [0x00000000d5f00000,0x00000000f0200000,0x00000000f0200000)
  from space 58880K, 75% used [0x00000000f3d80000,0x00000000f68ffd10,0x00000000f7700000)
  to   space 60928K, 0% used [0x00000000f0200000,0x00000000f0200000,0x00000000f3d80000)
 ParOldGen       total 664064K, used 562900K [0x0000000081c00000, 0x00000000aa480000, 0x00000000d5f00000)
  object space 664064K, 84% used [0x0000000081c00000,0x00000000a41b5298,0x00000000aa480000)
 Metaspace       used 89130K, capacity 100250K, committed 100480K, reserved 1134592K
  class space    used 12611K, capacity 15179K, committed 15232K, reserved 1048576K
Event: 274.557 GC heap after
Heap after GC invocations=146 (full 7):
 PSYoungGen      total 489984K, used 43881K [0x00000000d5f00000, 0x00000000f8b80000, 0x0000000100000000)
  eden space 429056K, 0% used [0x00000000d5f00000,0x00000000d5f00000,0x00000000f0200000)
  from space 60928K, 72% used [0x00000000f0200000,0x00000000f2cda568,0x00000000f3d80000)
  to   space 62464K, 0% used [0x00000000f4e80000,0x00000000f4e80000,0x00000000f8b80000)
 ParOldGen       total 664064K, used 565403K [0x0000000081c00000, 0x00000000aa480000, 0x00000000d5f00000)
  object space 664064K, 85% used [0x0000000081c00000,0x00000000a4426d40,0x00000000aa480000)
 Metaspace       used 89130K, capacity 100250K, committed 100480K, reserved 1134592K
  class space    used 12611K, capacity 15179K, committed 15232K, reserved 1048576K
}
Event: 276.596 GC heap before
{Heap before GC invocations=147 (full 7):
 PSYoungGen      total 489984K, used 472937K [0x00000000d5f00000, 0x00000000f8b80000, 0x0000000100000000)
  eden space 429056K, 100% used [0x00000000d5f00000,0x00000000f0200000,0x00000000f0200000)
  from space 60928K, 72% used [0x00000000f0200000,0x00000000f2cda568,0x00000000f3d80000)
  to   space 62464K, 0% used [0x00000000f4e80000,0x00000000f4e80000,0x00000000f8b80000)
 ParOldGen       total 664064K, used 565403K [0x0000000081c00000, 0x00000000aa480000, 0x00000000d5f00000)
  object space 664064K, 85% used [0x0000000081c00000,0x00000000a4426d40,0x00000000aa480000)
 Metaspace       used 89132K, capacity 100250K, committed 100480K, reserved 1134592K
  class space    used 12611K, capacity 15179K, committed 15232K, reserved 1048576K
Event: 276.624 GC heap after
Heap after GC invocations=147 (full 7):
 PSYoungGen      total 507392K, used 42344K [0x00000000d5f00000, 0x00000000f8c80000, 0x0000000100000000)
  eden space 444928K, 0% used [0x00000000d5f00000,0x00000000d5f00000,0x00000000f1180000)
  from space 62464K, 67% used [0x00000000f4e80000,0x00000000f77da3f8,0x00000000f8b80000)
  to   space 62464K, 0% used [0x00000000f1180000,0x00000000f1180000,0x00000000f4e80000)
 ParOldGen       total 664064K, used 570660K [0x0000000081c00000, 0x00000000aa480000, 0x00000000d5f00000)
  object space 664064K, 85% used [0x0000000081c00000,0x00000000a4949308,0x00000000aa480000)
 Metaspace       used 89132K, capacity 100250K, committed 100480K, reserved 1134592K
  class space    used 12611K, capacity 15179K, committed 15232K, reserved 1048576K
}
Event: 279.154 GC heap before
{Heap before GC invocations=148 (full 7):
 PSYoungGen      total 507392K, used 487272K [0x00000000d5f00000, 0x00000000f8c80000, 0x0000000100000000)
  eden space 444928K, 100% used [0x00000000d5f00000,0x00000000f1180000,0x00000000f1180000)
  from space 62464K, 67% used [0x00000000f4e80000,0x00000000f77da3f8,0x00000000f8b80000)
  to   space 62464K, 0% used [0x00000000f1180000,0x00000000f1180000,0x00000000f4e80000)
 ParOldGen       total 664064K, used 570660K [0x0000000081c00000, 0x00000000aa480000, 0x00000000d5f00000)
  object space 664064K, 85% used [0x0000000081c00000,0x00000000a4949308,0x00000000aa480000)
 Metaspace       used 89137K, capacity 100256K, committed 100480K, reserved 1134592K
  class space    used 12611K, capacity 15180K, committed 15232K, reserved 1048576K
Event: 279.175 GC heap after
Heap after GC invocations=148 (full 7):
 PSYoungGen      total 507392K, used 36888K [0x00000000d5f00000, 0x00000000f9700000, 0x0000000100000000)
  eden space 444928K, 0% used [0x00000000d5f00000,0x00000000d5f00000,0x00000000f1180000)
  from space 62464K, 59% used [0x00000000f1180000,0x00000000f35860b0,0x00000000f4e80000)
  to   space 60416K, 0% used [0x00000000f5c00000,0x00000000f5c00000,0x00000000f9700000)
 ParOldGen       total 664064K, used 572100K [0x0000000081c00000, 0x00000000aa480000, 0x00000000d5f00000)
  object space 664064K, 86% used [0x0000000081c00000,0x00000000a4ab13b8,0x00000000aa480000)
 Metaspace       used 89137K, capacity 100256K, committed 100480K, reserved 1134592K
  class space    used 12611K, capacity 15180K, committed 15232K, reserved 1048576K
}

